TN:
SF:server.ts
FNF:0
FNH:0
DA:1,1
DA:2,1
DA:3,1
DA:4,1
DA:5,1
DA:6,1
DA:7,1
DA:8,1
DA:9,1
DA:10,1
DA:11,1
DA:12,1
DA:13,1
DA:14,1
DA:15,0
DA:16,0
DA:17,0
LF:17
LH:14
BRDA:14,0,0,0
BRF:1
BRH:0
end_of_record
TN:
SF:src/index.ts
FN:20,ExpressApplication
FN:32,getApp
FN:37,startRoutes
FN:59,middleWares
FN:64,errorHandler
FN:68,startApp
FNF:6
FNH:5
FNDA:1,ExpressApplication
FNDA:1,getApp
FNDA:1,startRoutes
FNDA:1,middleWares
FNDA:1,errorHandler
FNDA:0,startApp
DA:1,1
DA:2,1
DA:3,1
DA:4,1
DA:5,1
DA:6,1
DA:7,1
DA:8,1
DA:9,1
DA:10,1
DA:11,1
DA:12,1
DA:13,1
DA:14,1
DA:15,1
DA:16,1
DA:17,1
DA:18,1
DA:19,1
DA:20,1
DA:21,1
DA:22,1
DA:23,1
DA:24,1
DA:25,1
DA:26,1
DA:27,1
DA:28,1
DA:29,1
DA:30,1
DA:31,1
DA:32,1
DA:33,1
DA:34,1
DA:35,1
DA:36,1
DA:37,1
DA:38,1
DA:39,1
DA:40,1
DA:41,1
DA:42,1
DA:43,1
DA:44,1
DA:45,1
DA:46,1
DA:47,1
DA:48,1
DA:49,1
DA:50,1
DA:51,1
DA:52,1
DA:53,1
DA:54,1
DA:55,1
DA:56,1
DA:57,1
DA:58,1
DA:59,1
DA:60,1
DA:61,1
DA:62,1
DA:63,1
DA:64,1
DA:65,1
DA:66,1
DA:67,1
DA:68,1
DA:69,0
DA:70,0
DA:71,0
DA:72,0
DA:73,0
DA:74,0
DA:75,1
DA:76,1
LF:76
LH:70
BRDA:20,0,0,1
BRDA:32,1,0,1
BRDA:37,2,0,1
BRDA:38,3,0,1
BRDA:49,4,0,1
BRDA:59,5,0,1
BRDA:64,6,0,1
BRF:7
BRH:7
end_of_record
TN:
SF:src/application/controller/auth.controller.ts
FN:13,AuthController
FN:22,HTTPRegisterUser
FN:36,HTTPUserSign
FN:50,HTTPChangePassword
FNF:4
FNH:2
FNDA:3,AuthController
FNDA:3,HTTPRegisterUser
FNDA:0,HTTPUserSign
FNDA:0,HTTPChangePassword
DA:1,1
DA:2,1
DA:3,1
DA:4,1
DA:5,1
DA:6,1
DA:7,1
DA:8,1
DA:9,1
DA:10,1
DA:11,1
DA:12,1
DA:13,1
DA:14,3
DA:15,3
DA:16,3
DA:17,3
DA:18,3
DA:19,3
DA:20,3
DA:21,1
DA:22,1
DA:23,3
DA:24,3
DA:25,3
DA:26,2
DA:27,2
DA:28,1
DA:29,1
DA:30,1
DA:31,3
DA:32,2
DA:33,2
DA:34,3
DA:35,1
DA:36,1
DA:37,0
DA:38,0
DA:39,0
DA:40,0
DA:41,0
DA:42,0
DA:43,0
DA:44,0
DA:45,0
DA:46,0
DA:47,0
DA:48,0
DA:49,1
DA:50,1
DA:51,0
DA:52,0
DA:53,0
DA:54,0
DA:55,0
DA:56,0
DA:57,0
DA:58,0
DA:59,0
DA:60,0
DA:61,0
DA:62,0
DA:63,0
DA:64,1
LF:64
LH:39
BRDA:13,0,0,3
BRDA:22,1,0,3
BRDA:25,2,0,2
BRDA:28,3,0,1
BRDA:31,4,0,2
BRF:5
BRH:5
end_of_record
TN:
SF:src/application/database/userModel.ts
FN:11,default
FN:74,transform
FNF:2
FNH:1
FNDA:1,default
FNDA:0,transform
DA:1,1
DA:2,1
DA:3,1
DA:4,1
DA:5,1
DA:6,1
DA:7,1
DA:8,1
DA:9,1
DA:10,1
DA:11,1
DA:12,1
DA:13,1
DA:14,1
DA:15,1
DA:16,1
DA:17,1
DA:18,1
DA:19,1
DA:20,1
DA:21,1
DA:22,1
DA:23,1
DA:24,1
DA:25,1
DA:26,1
DA:27,1
DA:28,1
DA:29,1
DA:30,1
DA:31,1
DA:32,1
DA:33,1
DA:34,1
DA:35,1
DA:36,1
DA:37,1
DA:38,1
DA:39,1
DA:40,1
DA:41,1
DA:42,1
DA:43,1
DA:44,1
DA:45,1
DA:46,1
DA:47,1
DA:48,1
DA:49,1
DA:50,1
DA:51,1
DA:52,1
DA:53,1
DA:54,1
DA:55,1
DA:56,1
DA:57,1
DA:58,1
DA:59,1
DA:60,1
DA:61,1
DA:62,1
DA:63,1
DA:64,1
DA:65,1
DA:66,1
DA:67,1
DA:68,1
DA:69,1
DA:70,1
DA:71,1
DA:72,1
DA:73,1
DA:74,1
DA:75,0
DA:76,0
DA:77,0
DA:78,1
DA:79,1
DA:80,1
DA:81,1
DA:82,1
DA:83,1
LF:83
LH:80
BRDA:11,0,0,1
BRF:1
BRH:1
end_of_record
TN:
SF:src/application/mapper/user.ts
FN:7,toDTO
FN:28,toPersistence
FN:47,toDomain
FNF:3
FNH:2
FNDA:0,toDTO
FNDA:1,toPersistence
FNDA:1,toDomain
DA:1,1
DA:2,1
DA:3,1
DA:4,1
DA:5,1
DA:6,1
DA:7,1
DA:8,0
DA:9,0
DA:10,0
DA:11,0
DA:12,0
DA:13,0
DA:14,0
DA:15,0
DA:16,0
DA:17,0
DA:18,0
DA:19,0
DA:20,0
DA:21,0
DA:22,0
DA:23,0
DA:24,0
DA:25,0
DA:26,0
DA:27,0
DA:28,1
DA:29,1
DA:30,1
DA:31,1
DA:32,1
DA:33,1
DA:34,1
DA:35,1
DA:36,1
DA:37,1
DA:38,1
DA:39,1
DA:40,1
DA:41,1
DA:42,1
DA:43,1
DA:44,1
DA:45,1
DA:46,1
DA:47,1
DA:48,1
DA:49,1
DA:50,1
DA:51,1
DA:52,1
DA:53,1
DA:54,1
DA:55,1
DA:56,1
DA:57,1
DA:58,1
DA:59,1
DA:60,1
DA:61,1
DA:62,1
DA:63,1
DA:64,1
DA:65,1
DA:66,1
LF:66
LH:46
BRDA:28,0,0,1
BRDA:44,1,0,0
BRDA:47,2,0,1
BRF:3
BRH:2
end_of_record
TN:
SF:src/application/repository/user.repository.ts
FN:18,UserRepository
FN:21,updateUser
FN:29,createUser
FN:38,findUserByEmail
FN:47,findUserByUsername
FN:55,findUserById
FN:64,fetchAllUser
FN:72,deleteUser
FNF:8
FNH:3
FNDA:4,UserRepository
FNDA:0,updateUser
FNDA:1,createUser
FNDA:1,findUserByEmail
FNDA:0,findUserByUsername
FNDA:0,findUserById
FNDA:0,fetchAllUser
FNDA:0,deleteUser
DA:1,1
DA:2,1
DA:3,1
DA:4,1
DA:5,1
DA:6,1
DA:7,1
DA:8,1
DA:9,1
DA:10,1
DA:11,1
DA:12,1
DA:13,1
DA:14,1
DA:15,1
DA:16,1
DA:17,1
DA:18,1
DA:19,4
DA:20,4
DA:21,1
DA:22,0
DA:23,0
DA:24,0
DA:25,0
DA:26,0
DA:27,0
DA:28,0
DA:29,1
DA:30,1
DA:31,1
DA:32,1
DA:33,1
DA:34,1
DA:35,0
DA:36,0
DA:37,1
DA:38,1
DA:39,1
DA:40,1
DA:41,1
DA:42,1
DA:43,1
DA:44,0
DA:45,0
DA:46,1
DA:47,1
DA:48,0
DA:49,0
DA:50,0
DA:51,0
DA:52,0
DA:53,0
DA:54,0
DA:55,1
DA:56,0
DA:57,0
DA:58,0
DA:59,0
DA:60,0
DA:61,0
DA:62,0
DA:63,0
DA:64,1
DA:65,0
DA:66,0
DA:67,0
DA:68,0
DA:69,0
DA:70,0
DA:71,0
DA:72,1
DA:73,0
DA:74,0
DA:75,0
DA:76,0
DA:77,0
DA:78,0
DA:79,0
DA:80,1
DA:81,1
LF:81
LH:41
BRDA:18,0,0,4
BRDA:29,1,0,1
BRDA:34,2,0,0
BRDA:38,3,0,1
BRDA:42,4,0,0
BRDA:43,5,0,0
BRF:6
BRH:3
end_of_record
TN:
SF:src/application/routes/user.routes.ts
FNF:0
FNH:0
DA:1,1
DA:2,1
DA:3,1
DA:4,1
DA:5,1
DA:6,1
DA:7,1
DA:8,1
DA:9,1
DA:10,1
DA:11,1
DA:12,1
DA:13,1
DA:14,1
DA:15,1
DA:16,1
DA:17,1
DA:18,1
DA:19,1
DA:20,1
DA:21,1
DA:22,1
LF:22
LH:22
BRDA:20,0,0,3
BRF:1
BRH:1
end_of_record
TN:
SF:src/application/services/auth.service.ts
FN:15,AuthService
FN:20,RegisterUser
FN:49,UserSignIn
FN:85,verifyUser
FN:103,changePassword
FNF:5
FNH:5
FNDA:3,AuthService
FNDA:1,RegisterUser
FNDA:7,UserSignIn
FNDA:2,verifyUser
FNDA:2,changePassword
DA:1,1
DA:2,1
DA:3,1
DA:4,1
DA:5,1
DA:6,1
DA:7,1
DA:8,1
DA:9,1
DA:10,1
DA:11,1
DA:12,1
DA:13,1
DA:14,1
DA:15,1
DA:16,3
DA:17,3
DA:18,3
DA:19,1
DA:20,1
DA:21,1
DA:22,1
DA:23,1
DA:24,1
DA:25,0
DA:26,0
DA:27,1
DA:28,1
DA:29,1
DA:30,1
DA:31,1
DA:32,1
DA:33,1
DA:34,1
DA:35,1
DA:36,1
DA:37,1
DA:38,1
DA:39,1
DA:40,1
DA:41,1
DA:42,1
DA:43,1
DA:44,1
DA:45,1
DA:46,0
DA:47,0
DA:48,1
DA:49,1
DA:50,7
DA:51,7
DA:52,7
DA:53,5
DA:54,5
DA:55,2
DA:56,1
DA:57,1
DA:58,1
DA:59,1
DA:60,1
DA:61,6
DA:62,7
DA:63,2
DA:64,2
DA:65,4
DA:66,4
DA:67,7
DA:68,2
DA:69,2
DA:70,7
DA:71,1
DA:72,1
DA:73,1
DA:74,1
DA:75,1
DA:76,1
DA:77,1
DA:78,1
DA:79,1
DA:80,7
DA:81,6
DA:82,6
DA:83,7
DA:84,1
DA:85,1
DA:86,2
DA:87,2
DA:88,2
DA:89,1
DA:90,1
DA:91,1
DA:92,1
DA:93,1
DA:94,1
DA:95,1
DA:96,1
DA:97,1
DA:98,1
DA:99,1
DA:100,1
DA:101,1
DA:102,2
DA:103,1
DA:104,2
DA:105,2
DA:106,2
DA:107,2
DA:108,1
DA:109,1
DA:110,1
DA:111,1
DA:112,1
DA:113,1
DA:114,1
DA:115,1
DA:116,1
DA:117,1
DA:118,1
DA:119,1
DA:120,1
DA:121,1
DA:122,2
DA:123,1
LF:123
LH:119
BRDA:15,0,0,3
BRDA:20,1,0,1
BRDA:24,2,0,0
BRDA:45,3,0,0
BRDA:49,4,0,7
BRDA:52,5,0,5
BRDA:55,6,0,2
BRDA:55,7,0,1
BRDA:61,8,0,6
BRDA:62,9,0,2
BRDA:65,10,0,4
BRDA:67,11,0,2
BRDA:70,12,0,1
BRDA:80,13,0,6
BRDA:85,14,0,2
BRDA:88,15,0,1
BRDA:103,16,0,2
BRDA:107,17,0,1
BRF:18
BRH:16
end_of_record
TN:
SF:src/common/BaseController.ts
FN:11,BaseController
FN:17,sendResponse
FN:24,sendErrorResponse
FNF:3
FNH:3
FNDA:3,BaseController
FNDA:1,sendResponse
FNDA:2,sendErrorResponse
DA:1,1
DA:2,1
DA:3,1
DA:4,1
DA:5,1
DA:6,1
DA:7,1
DA:8,1
DA:9,1
DA:10,1
DA:11,1
DA:12,3
DA:13,3
DA:14,3
DA:15,3
DA:16,1
DA:17,1
DA:18,1
DA:19,1
DA:20,1
DA:21,1
DA:22,1
DA:23,1
DA:24,1
DA:25,2
DA:26,2
DA:27,1
LF:27
LH:27
BRDA:11,0,0,3
BRDA:17,1,0,1
BRDA:24,2,0,2
BRF:3
BRH:3
end_of_record
TN:
SF:src/common/DeclareRoute.ts
FN:19,ApplicationRouter
FN:23,callRoute
FN:31,getRoute
FNF:3
FNH:2
FNDA:1,ApplicationRouter
FNDA:1,callRoute
FNDA:0,getRoute
DA:1,1
DA:2,1
DA:3,1
DA:4,1
DA:5,1
DA:6,1
DA:7,1
DA:8,1
DA:9,1
DA:10,1
DA:11,1
DA:12,1
DA:13,1
DA:14,1
DA:15,1
DA:16,1
DA:17,1
DA:18,1
DA:19,1
DA:20,1
DA:21,1
DA:22,1
DA:23,1
DA:24,1
DA:25,1
DA:26,0
DA:27,0
DA:28,1
DA:29,1
DA:30,1
DA:31,1
DA:32,0
DA:33,0
DA:34,1
LF:34
LH:30
BRDA:4,0,0,1
BRDA:19,1,0,1
BRDA:23,2,0,1
BRF:3
BRH:3
end_of_record
TN:
SF:src/common/mapper.ts
FNF:0
FNH:0
DA:1,1
DA:2,1
DA:3,1
DA:4,1
DA:5,1
LF:5
LH:5
BRF:0
BRH:0
end_of_record
TN:
SF:src/common/types.ts
FNF:0
FNH:0
DA:1,1
DA:2,1
DA:3,1
DA:4,1
LF:4
LH:4
BRDA:1,0,0,1
BRF:1
BRH:1
end_of_record
TN:
SF:src/middleware/auth.middleware.ts
FN:10,AppMiddleware
FN:14,AuthorizedRoute
FNF:2
FNH:1
FNDA:1,AppMiddleware
FNDA:0,AuthorizedRoute
DA:1,1
DA:2,1
DA:3,1
DA:4,1
DA:5,1
DA:6,1
DA:7,1
DA:8,1
DA:9,1
DA:10,1
DA:11,1
DA:12,1
DA:13,1
DA:14,1
DA:15,0
DA:16,0
DA:17,0
DA:18,0
DA:19,0
DA:20,0
DA:21,0
DA:22,0
DA:23,0
DA:24,0
DA:25,0
DA:26,0
DA:27,0
DA:28,0
DA:29,0
DA:30,0
DA:31,0
DA:32,0
DA:33,0
DA:34,0
DA:35,0
DA:36,1
DA:37,1
DA:38,1
LF:38
LH:17
BRDA:10,0,0,1
BRF:1
BRH:1
end_of_record
TN:
SF:src/services/mongooseConnection.ts
FN:4,connectMongoose
FNF:1
FNH:1
FNDA:1,connectMongoose
DA:1,1
DA:2,1
DA:3,1
DA:4,1
DA:5,1
DA:6,1
DA:7,1
DA:8,1
DA:9,1
DA:10,1
DA:11,1
DA:12,0
DA:13,0
DA:14,1
DA:15,1
DA:16,1
DA:17,0
DA:18,0
DA:19,0
DA:20,1
DA:21,1
DA:22,1
LF:22
LH:17
BRDA:4,0,0,1
BRDA:11,1,0,0
BRDA:16,2,0,0
BRF:3
BRH:1
end_of_record
TN:
SF:src/tests/seeder.ts
FN:3,connectMongo
FN:12,InsertDocuments
FN:23,DropCollection
FNF:3
FNH:3
FNDA:5,connectMongo
FNDA:1,InsertDocuments
FNDA:4,DropCollection
DA:1,1
DA:2,1
DA:3,5
DA:4,5
DA:5,5
DA:6,5
DA:7,5
DA:8,5
DA:9,5
DA:10,5
DA:11,1
DA:12,1
DA:13,1
DA:14,1
DA:15,1
DA:16,1
DA:17,1
DA:18,1
DA:19,0
DA:20,0
DA:21,1
DA:22,1
DA:23,4
DA:24,4
DA:25,4
DA:26,4
DA:27,4
DA:28,4
DA:29,1
DA:30,4
DA:31,3
DA:32,3
DA:33,4
LF:33
LH:31
BRDA:3,0,0,5
BRDA:12,1,0,1
BRDA:18,2,0,0
BRDA:23,3,0,4
BRDA:29,4,0,1
BRDA:30,5,0,3
BRF:6
BRH:5
end_of_record
TN:
SF:src/tests/testObjects/user.spyrepo.ts
FN:8,UserSpyRepo
FN:11,createUser
FN:22,findUserByEmail
FN:31,findUserByUsername
FN:41,findUserById
FN:50,fetchAllUser
FN:58,deleteUser
FN:64,updateUser
FNF:8
FNH:3
FNDA:13,UserSpyRepo
FNDA:1,createUser
FNDA:3,findUserByEmail
FNDA:0,findUserByUsername
FNDA:0,findUserById
FNDA:0,fetchAllUser
FNDA:0,deleteUser
FNDA:0,updateUser
DA:1,1
DA:2,1
DA:3,1
DA:4,1
DA:5,1
DA:6,1
DA:7,1
DA:8,1
DA:9,13
DA:10,13
DA:11,1
DA:12,1
DA:13,1
DA:14,1
DA:15,1
DA:16,1
DA:17,1
DA:18,1
DA:19,0
DA:20,0
DA:21,1
DA:22,1
DA:23,3
DA:24,3
DA:25,3
DA:26,3
DA:27,3
DA:28,3
DA:29,3
DA:30,3
DA:31,1
DA:32,0
DA:33,0
DA:34,0
DA:35,0
DA:36,0
DA:37,0
DA:38,0
DA:39,0
DA:40,0
DA:41,1
DA:42,0
DA:43,0
DA:44,0
DA:45,0
DA:46,0
DA:47,0
DA:48,0
DA:49,0
DA:50,1
DA:51,0
DA:52,0
DA:53,0
DA:54,0
DA:55,0
DA:56,0
DA:57,0
DA:58,1
DA:59,0
DA:60,0
DA:61,0
DA:62,0
DA:63,0
DA:64,1
DA:65,0
DA:66,0
DA:67,0
DA:68,0
DA:69,0
DA:70,0
DA:71,0
DA:72,1
LF:72
LH:34
BRDA:8,0,0,13
BRDA:11,1,0,1
BRDA:18,2,0,0
BRDA:13,3,0,1
BRDA:22,4,0,3
BRDA:23,5,0,1
BRDA:25,6,0,3
BRDA:26,7,0,3
BRDA:27,8,0,1
BRDA:27,9,0,2
BRF:10
BRH:9
end_of_record
TN:
SF:src/utils/config.ts
FNF:0
FNH:0
DA:1,1
DA:2,1
DA:3,1
DA:4,1
DA:5,1
DA:6,1
DA:7,1
DA:8,1
DA:9,1
DA:10,1
DA:11,1
DA:12,1
DA:13,1
LF:13
LH:13
BRDA:5,0,0,0
BRDA:7,1,0,0
BRDA:8,2,0,0
BRDA:9,3,0,0
BRF:4
BRH:0
end_of_record
TN:
SF:src/utils/constant.ts
FNF:0
FNH:0
DA:1,1
DA:2,1
DA:3,1
DA:4,1
DA:5,1
DA:6,1
DA:7,1
DA:8,1
DA:9,1
DA:10,1
DA:11,1
DA:12,1
LF:12
LH:12
BRF:0
BRH:0
end_of_record
TN:
SF:src/utils/exception.ts
FN:7,HTTPException
FN:17,DuplicateError
FNF:2
FNH:2
FNDA:2,HTTPException
FNDA:1,DuplicateError
DA:1,1
DA:2,1
DA:3,1
DA:4,1
DA:5,1
DA:6,1
DA:7,1
DA:8,2
DA:9,2
DA:10,2
DA:11,2
DA:12,2
DA:13,2
DA:14,2
DA:15,1
DA:16,1
DA:17,1
LF:17
LH:17
BRDA:7,0,0,2
BRDA:11,1,0,0
BRDA:17,2,0,1
BRF:3
BRH:2
end_of_record
TN:
SF:src/utils/globalErrorHandler.ts
FN:6,default_1
FNF:1
FNH:1
FNDA:2,default_1
DA:1,1
DA:2,1
DA:3,1
DA:4,1
DA:5,1
DA:6,2
DA:7,2
DA:8,0
DA:9,0
DA:10,0
DA:11,2
DA:12,2
DA:13,2
DA:14,2
DA:15,2
DA:16,2
DA:17,2
LF:17
LH:14
BRDA:6,0,0,2
BRDA:7,1,0,0
BRDA:11,2,0,0
BRDA:12,3,0,0
BRDA:13,4,0,0
BRDA:14,5,0,0
BRF:6
BRH:1
end_of_record
TN:
SF:src/utils/helper.ts
FN:12,signJWT
FN:16,verifyJWT
FN:24,hashPassword
FN:28,comparePassword
FN:32,UUID
FNF:5
FNH:4
FNDA:1,signJWT
FNDA:0,verifyJWT
FNDA:1,hashPassword
FNDA:1,comparePassword
FNDA:1,UUID
DA:1,1
DA:2,1
DA:3,1
DA:4,1
DA:5,1
DA:6,1
DA:7,1
DA:8,1
DA:9,1
DA:10,1
DA:11,1
DA:12,1
DA:13,1
DA:14,1
DA:15,1
DA:16,1
DA:17,0
DA:18,0
DA:19,0
DA:20,0
DA:21,0
DA:22,0
DA:23,1
DA:24,1
DA:25,1
DA:26,1
DA:27,1
DA:28,1
DA:29,1
DA:30,1
DA:31,1
DA:32,1
DA:33,1
DA:34,1
DA:35,1
LF:35
LH:29
BRDA:12,0,0,1
BRDA:24,1,0,1
BRDA:28,2,0,1
BRDA:32,3,0,1
BRF:4
BRH:4
end_of_record
TN:
SF:src/utils/tests/generate.ts
FN:22,CreateUserModelObject
FN:39,CreateUserObject
FNF:2
FNH:2
FNDA:1,CreateUserModelObject
FNDA:1,CreateUserObject
DA:1,1
DA:2,1
DA:3,1
DA:4,1
DA:5,1
DA:6,1
DA:7,1
DA:8,1
DA:9,1
DA:10,1
DA:11,1
DA:12,1
DA:13,1
DA:14,1
DA:15,1
DA:16,1
DA:17,1
DA:18,1
DA:19,1
DA:20,1
DA:21,1
DA:22,1
DA:23,1
DA:24,1
DA:25,1
DA:26,1
DA:27,1
DA:28,1
DA:29,1
DA:30,1
DA:31,1
DA:32,1
DA:33,1
DA:34,1
DA:35,1
DA:36,1
DA:37,1
DA:38,1
DA:39,1
DA:40,1
DA:41,1
DA:42,1
DA:43,1
DA:44,1
DA:45,1
DA:46,1
DA:47,1
DA:48,1
DA:49,1
DA:50,1
DA:51,1
DA:52,1
DA:53,1
DA:54,1
DA:55,1
LF:55
LH:55
BRDA:22,0,0,1
BRDA:39,1,0,1
BRF:2
BRH:2
end_of_record
TN:
SF:src/validations/user.validation.ts
FN:33,Object.<anonymous>.exports.ChangePasswordPayload.zod_1.z.object.refine.message
FNF:1
FNH:0
FNDA:0,Object.<anonymous>.exports.ChangePasswordPayload.zod_1.z.object.refine.message
DA:1,1
DA:2,1
DA:3,1
DA:4,1
DA:5,1
DA:6,1
DA:7,1
DA:8,1
DA:9,1
DA:10,1
DA:11,1
DA:12,1
DA:13,1
DA:14,1
DA:15,1
DA:16,1
DA:17,1
DA:18,1
DA:19,1
DA:20,1
DA:21,1
DA:22,1
DA:23,1
DA:24,1
DA:25,1
DA:26,1
DA:27,1
DA:28,1
DA:29,1
DA:30,1
DA:31,1
DA:32,1
DA:33,1
LF:33
LH:33
BRF:0
BRH:0
end_of_record
